proguard/seeds.txt
com.blogspot.fwfaill.lunchbuddy.LunchBuddyActivity
com.blogspot.fwfaill.lunchbuddy.LunchBuddyActivity: LunchBuddyActivity()
com.blogspot.fwfaill.lunchbuddy.LunchBuddyProvider
com.blogspot.fwfaill.lunchbuddy.LunchBuddyProvider: LunchBuddyProvider()
com.blogspot.fwfaill.lunchbuddy.R$array: int restaurants
com.blogspot.fwfaill.lunchbuddy.R$attr: int absForceOverflow
com.blogspot.fwfaill.lunchbuddy.R$attr: int actionBarDivider
com.blogspot.fwfaill.lunchbuddy.R$attr: int actionBarItemBackground
com.blogspot.fwfaill.lunchbuddy.R$attr: int actionBarSize
com.blogspot.fwfaill.lunchbuddy.R$attr: int actionBarSplitStyle
com.blogspot.fwfaill.lunchbuddy.R$attr: int actionBarStyle
com.blogspot.fwfaill.lunchbuddy.R$attr: int actionBarTabBarStyle
com.blogspot.fwfaill.lunchbuddy.R$attr: int actionBarTabStyle
com.blogspot.fwfaill.lunchbuddy.R$attr: int actionBarTabTextStyle
com.blogspot.fwfaill.lunchbuddy.R$attr: int actionBarWidgetTheme
com.blogspot.fwfaill.lunchbuddy.R$attr: int actionButtonStyle
com.blogspot.fwfaill.lunchbuddy.R$attr: int actionDropDownStyle
com.blogspot.fwfaill.lunchbuddy.R$attr: int actionMenuTextAppearance
com.blogspot.fwfaill.lunchbuddy.R$attr: int actionMenuTextColor
com.blogspot.fwfaill.lunchbuddy.R$attr: int actionModeBackground
com.blogspot.fwfaill.lunchbuddy.R$attr: int actionModeCloseButtonStyle
com.blogspot.fwfaill.lunchbuddy.R$attr: int actionModeCloseDrawable
com.blogspot.fwfaill.lunchbuddy.R$attr: int actionModePopupWindowStyle
com.blogspot.fwfaill.lunchbuddy.R$attr: int actionModeShareDrawable
com.blogspot.fwfaill.lunchbuddy.R$attr: int actionModeSplitBackground
com.blogspot.fwfaill.lunchbuddy.R$attr: int actionModeStyle
com.blogspot.fwfaill.lunchbuddy.R$attr: int actionOverflowButtonStyle
com.blogspot.fwfaill.lunchbuddy.R$attr: int actionSpinnerItemStyle
com.blogspot.fwfaill.lunchbuddy.R$bool: int abs__action_bar_embed_tabs
com.blogspot.fwfaill.lunchbuddy.R$bool: int abs__action_bar_expanded_action_views_exclusive
com.blogspot.fwfaill.lunchbuddy.R$bool: int abs__config_actionMenuItemAllCaps
com.blogspot.fwfaill.lunchbuddy.R$bool: int abs__config_allowActionMenuItemTextWithIcon
com.blogspot.fwfaill.lunchbuddy.R$bool: int abs__config_showMenuShortcutsWhenKeyboardPresent
com.blogspot.fwfaill.lunchbuddy.R$bool: int abs__split_action_bar_is_narrow
com.blogspot.fwfaill.lunchbuddy.R$color: int abs__background_holo_dark
com.blogspot.fwfaill.lunchbuddy.R$color: int abs__background_holo_light
com.blogspot.fwfaill.lunchbuddy.R$color: int abs__bright_foreground_disabled_holo_dark
com.blogspot.fwfaill.lunchbuddy.R$color: int abs__bright_foreground_disabled_holo_light
com.blogspot.fwfaill.lunchbuddy.R$color: int abs__bright_foreground_holo_dark
com.blogspot.fwfaill.lunchbuddy.R$color: int abs__bright_foreground_holo_light
com.blogspot.fwfaill.lunchbuddy.R$color: int abs__bright_foreground_inverse_holo_dark
com.blogspot.fwfaill.lunchbuddy.R$color: int abs__bright_foreground_inverse_holo_light
com.blogspot.fwfaill.lunchbuddy.R$color: int abs__holo_blue_light
com.blogspot.fwfaill.lunchbuddy.R$color: int abs__primary_text_disable_only_holo_dark
com.blogspot.fwfaill.lunchbuddy.R$color: int abs__primary_text_disable_only_holo_light
com.blogspot.fwfaill.lunchbuddy.R$color: int abs__primary_text_holo_dark
com.blogspot.fwfaill.lunchbuddy.R$color: int abs__primary_text_holo_light
com.blogspot.fwfaill.lunchbuddy.R$color: int actionbar_title_color
com.blogspot.fwfaill.lunchbuddy.R$color: int bottom
com.blogspot.fwfaill.lunchbuddy.R$color: int menubackground
com.blogspot.fwfaill.lunchbuddy.R$color: int middle
com.blogspot.fwfaill.lunchbuddy.R$color: int top
...
android.support.v4.app.NotificationCompat
android.support.v4.app.NotificationCompat: int FLAG_HIGH_PRIORITY
android.support.v4.app.NotificationCompat: android.support.v4.app.NotificationCompat$NotificationCompatImpl IMPL
android.support.v4.app.NotificationCompat: NotificationCompat()
android.support.v4.app.NotificationCompat: android.support.v4.app.NotificationCompat$NotificationCompatImpl access$000()
android.support.v4.app.NotificationCompat: void <clinit>()
android.support.v4.app.NotificationCompat$Builder
android.support.v4.app.NotificationCompat$Builder: android.content.Context mContext
android.support.v4.app.NotificationCompat$Builder: java.lang.CharSequence mContentTitle
android.support.v4.app.NotificationCompat$Builder: java.lang.CharSequence mContentText
android.support.v4.app.NotificationCompat$Builder: android.app.PendingIntent mContentIntent
android.support.v4.app.NotificationCompat$Builder: android.app.PendingIntent mFullScreenIntent
android.support.v4.app.NotificationCompat$Builder: android.widget.RemoteViews mTickerView
android.support.v4.app.NotificationCompat$Builder: android.graphics.Bitmap mLargeIcon
android.support.v4.app.NotificationCompat$Builder: java.lang.CharSequence mContentInfo
android.support.v4.app.NotificationCompat$Builder: int mNumber
android.support.v4.app.NotificationCompat$Builder: android.app.Notification mNotification
android.support.v4.app.NotificationCompat$Builder: NotificationCompat$Builder(android.content.Context)
android.support.v4.app.NotificationCompat$Builder: android.support.v4.app.NotificationCompat$Builder setWhen(long)
android.support.v4.app.NotificationCompat$Builder: android.support.v4.app.NotificationCompat$Builder setSmallIcon(int)
android.support.v4.app.NotificationCompat$Builder: android.support.v4.app.NotificationCompat$Builder setSmallIcon(int,int)
android.support.v4.app.NotificationCompat$NotificationCompatImpl
android.support.v4.app.NotificationCompat$NotificationCompatImpl: android.app.Notification getNotification(android.support.v4.app.NotificationCompat$Builder)
android.support.v4.app.NotificationCompat$NotificationCompatImplBase
android.support.v4.app.NotificationCompat$NotificationCompatImplBase: NotificationCompat$NotificationCompatImplBase()
android.support.v4.app.NotificationCompat$NotificationCompatImplBase: android.app.Notification getNotification(android.support.v4.app.NotificationCompat$Builder)
android.support.v4.app.NotificationCompat$NotificationCompatImplHoneycomb
android.support.v4.app.NotificationCompat$NotificationCompatImplHoneycomb: NotificationCompat$NotificationCompatImplHoneycomb()
android.support.v4.app.NotificationCompat$NotificationCompatImplHoneycomb: android.app.Notification getNotification(android.support.v4.app.NotificationCompat$Builder)
android.support.v4.app.NotificationCompatHoneycomb
android.support.v4.app.NotificationCompatHoneycomb: NotificationCompatHoneycomb()
android.support.v4.app.NotificationCompatHoneycomb: android.app.Notification add(android.content.Context,android.app.Notification,java.lang.CharSequence,java.lang.CharSequence,java.lang.CharSequence,android.widget.RemoteViews,int,android.app.PendingIntent,android.app.PendingIntent,android.graphics.Bitmap)
android.support.v4.app.ServiceCompat
android.support.v4.app.ServiceCompat: int START_STICKY
android.support.v4.app.ServiceCompat: ServiceCompat()