proguard/mapping.txt
com.blogspot.fwfaill.lunchbuddy.CourseCursorAdapter -> com.blogspot.fwfaill.lunchbuddy.a:
    java.util.Locale mLocale -> j
    boolean mFi -> k
    int mColumnIndexTitleFi -> l
    int mColumnIndexTitleEn -> m
    int mColumnIndexTitlePrice -> n
    int mColumnIndexTitleProperties -> o
    void bindView(android.view.View,android.content.Context,android.database.Cursor) -> a
com.blogspot.fwfaill.lunchbuddy.CourseCursorAdapter$ViewHolder -> com.blogspot.fwfaill.lunchbuddy.b:
    android.widget.TextView title -> a
    android.widget.TextView price -> b
    android.widget.TextView properties -> c
com.blogspot.fwfaill.lunchbuddy.CourseHandler -> com.blogspot.fwfaill.lunchbuddy.c:
    com.blogspot.fwfaill.lunchbuddy.LunchBuddyProvider mProvider -> a
    java.lang.String mResponseString -> b
    java.lang.Object handleResponse(org.apache.http.HttpResponse) -> handleResponse
    java.lang.String convertStreamToString(java.io.InputStream) -> a
com.blogspot.fwfaill.lunchbuddy.LunchBuddy -> com.blogspot.fwfaill.lunchbuddy.d:
com.blogspot.fwfaill.lunchbuddy.LunchBuddy$Courses -> com.blogspot.fwfaill.lunchbuddy.e:
    android.net.Uri CONTENT_URI -> a
    android.net.Uri CONTENT_ID_URI_BASE -> b
    android.net.Uri CONTENT_ID_URI_PATTERN -> c
    android.net.Uri BASE_URI_SALO -> d
    android.net.Uri BASE_URI_ICT -> e
    android.net.Uri BASE_URI_LEMPPARI -> f
com.blogspot.fwfaill.lunchbuddy.LunchBuddyActivity -> com.blogspot.fwfaill.lunchbuddy.LunchBuddyActivity:
    java.lang.String[] PROJECTION -> a
    android.view.LayoutInflater mInflater -> b
    java.lang.String mSelection -> c
    void onCreate(android.os.Bundle) -> onCreate
    void removeOld(long) -> a
    void query() -> a
    void access$0(com.blogspot.fwfaill.lunchbuddy.LunchBuddyActivity,java.lang.String) -> a
    void access$1(com.blogspot.fwfaill.lunchbuddy.LunchBuddyActivity) -> a
com.blogspot.fwfaill.lunchbuddy.LunchBuddyActivity$1 -> com.blogspot.fwfaill.lunchbuddy.f:
    com.blogspot.fwfaill.lunchbuddy.LunchBuddyActivity this$0 -> a
    boolean onNavigationItemSelected(int,long) -> onNavigationItemSelected
com.blogspot.fwfaill.lunchbuddy.LunchBuddyProvider -> com.blogspot.fwfaill.lunchbuddy.LunchBuddyProvider:
    java.util.HashMap sCoursesProjectionMap -> a
    java.lang.String[] READ_COURSE_PROJECTION -> b
    android.content.UriMatcher sUriMatcher -> c
    com.blogspot.fwfaill.lunchbuddy.LunchBuddyProvider$DatabaseHelper mOpenHelper -> d
    java.util.HashMap mRequestsInProgress -> e
    com.blogspot.fwfaill.lunchbuddy.UriRequestTask getRequestTask(java.lang.String) -> b
    int delete(android.net.Uri,java.lang.String,java.lang.String[]) -> delete
    java.lang.String getType(android.net.Uri) -> getType
    android.net.Uri insert(android.net.Uri,android.content.ContentValues) -> insert
    boolean onCreate() -> onCreate
    android.database.Cursor query(android.net.Uri,java.lang.String[],java.lang.String,java.lang.String[],java.lang.String) -> query
    int update(android.net.Uri,android.content.ContentValues,java.lang.String,java.lang.String[]) -> update
    void requestComplete(java.lang.String) -> a
    org.apache.http.client.ResponseHandler newResponseHandler() -> a
    com.blogspot.fwfaill.lunchbuddy.UriRequestTask newQueryTask(java.lang.String,java.lang.String) -> a
    void asyncQueryRequest(java.lang.String,java.lang.String) -> b
com.blogspot.fwfaill.lunchbuddy.LunchBuddyProvider$DatabaseHelper -> com.blogspot.fwfaill.lunchbuddy.g:
    void onCreate(android.database.sqlite.SQLiteDatabase) -> onCreate
    void onUpgrade(android.database.sqlite.SQLiteDatabase,int,int) -> onUpgrade
...
com.actionbarsherlock.internal.view.menu.ListMenuItemView -> com.actionbarsherlock.internal.view.menu.ListMenuItemView:
    com.actionbarsherlock.internal.view.menu.MenuItemImpl mItemData -> mItemData
    android.widget.ImageView mIconView -> mIconView
    android.widget.RadioButton mRadioButton -> mRadioButton
    android.widget.TextView mTitleView -> mTitleView
    android.widget.CheckBox mCheckBox -> mCheckBox
    android.widget.TextView mShortcutView -> mShortcutView
    android.graphics.drawable.Drawable mBackground -> mBackground
    int mTextAppearance -> mTextAppearance
    android.content.Context mTextAppearanceContext -> mTextAppearanceContext
    boolean mPreserveIconSpacing -> mPreserveIconSpacing
    android.view.LayoutInflater mInflater -> mInflater
    boolean mForceShowIcon -> mForceShowIcon
    android.content.Context mContext -> mContext
    void onFinishInflate() -> onFinishInflate
    void initialize(com.actionbarsherlock.internal.view.menu.MenuItemImpl,int) -> initialize
    void setForceShowIcon(boolean) -> setForceShowIcon
    void setTitle(java.lang.CharSequence) -> setTitle
    com.actionbarsherlock.internal.view.menu.MenuItemImpl getItemData() -> getItemData
    void setCheckable(boolean) -> setCheckable
    void setChecked(boolean) -> setChecked
    void setShortcut(boolean,char) -> setShortcut
    void setIcon(android.graphics.drawable.Drawable) -> setIcon
    void onMeasure(int,int) -> onMeasure
    void insertIconView() -> insertIconView
com.actionbarsherlock.internal.view.menu.MenuBuilder -> com.actionbarsherlock.internal.view.menu.MenuBuilder:
    java.lang.String PRESENTER_KEY -> PRESENTER_KEY
    java.lang.String ACTION_VIEW_STATES_KEY -> ACTION_VIEW_STATES_KEY
    java.lang.String EXPANDED_ACTION_VIEW_ID -> EXPANDED_ACTION_VIEW_ID
    int[] sCategoryToOrder -> sCategoryToOrder
    android.content.Context mContext -> mContext
    android.content.res.Resources mResources -> mResources
    boolean mQwertyMode -> mQwertyMode
    boolean mShortcutsVisible -> mShortcutsVisible
    com.actionbarsherlock.internal.view.menu.MenuBuilder$Callback mCallback -> mCallback
    java.util.ArrayList mItems -> mItems
    java.util.ArrayList mVisibleItems -> mVisibleItems
    boolean mIsVisibleItemsStale -> mIsVisibleItemsStale
    java.util.ArrayList mActionItems -> mActionItems
    java.util.ArrayList mNonActionItems -> mNonActionItems
    boolean mIsActionItemsStale -> mIsActionItemsStale
    int mDefaultShowAsAction -> mDefaultShowAsAction
    android.view.ContextMenu$ContextMenuInfo mCurrentMenuInfo -> mCurrentMenuInfo
    java.lang.CharSequence mHeaderTitle -> mHeaderTitle
    android.graphics.drawable.Drawable mHeaderIcon -> mHeaderIcon
    android.view.View mHeaderView -> mHeaderView
    boolean mPreventDispatchingItemsChanged -> mPreventDispatchingItemsChanged
    boolean mItemsChangedWhileDispatchPrevented -> mItemsChangedWhileDispatchPrevented
    boolean mOptionalIconsVisible -> mOptionalIconsVisible
com.actionbarsherlock.internal.view.menu.MenuBuilder$Callback -> com.actionbarsherlock.internal.view.menu.MenuBuilder$Callback:
    boolean onMenuItemSelected(com.actionbarsherlock.internal.view.menu.MenuBuilder,com.actionbarsherlock.view.MenuItem) -> onMenuItemSelected
    void onMenuModeChange(com.actionbarsherlock.internal.view.menu.MenuBuilder) -> onMenuModeChange
com.actionbarsherlock.internal.view.menu.MenuBuilder$ItemInvoker -> com.actionbarsherlock.internal.view.menu.MenuBuilder$ItemInvoker:
    boolean invokeItem(com.actionbarsherlock.internal.view.menu.MenuItemImpl) -> invokeItem