proguard/usage.txt
com.blogspot.fwfaill.lunchbuddy.BuildConfig
com.blogspot.fwfaill.lunchbuddy.CourseCursorAdapter:
    private static final java.lang.String TAG
com.blogspot.fwfaill.lunchbuddy.CourseHandler:
    private static final java.lang.String TAG
    public static final java.lang.String TIMESTAMP
    public static final java.lang.String REF_TITLE
    public static final java.lang.String COURSES
    public static final java.lang.String TITLE_FI
    public static final java.lang.String TITLE_EN
    public static final java.lang.String PRICE
    public static final java.lang.String PROPERTIES
com.blogspot.fwfaill.lunchbuddy.LunchBuddy:
    public static final java.lang.String AUTHORITY
    6:6:public LunchBuddy()
com.blogspot.fwfaill.lunchbuddy.LunchBuddy$Courses:
    public static final java.lang.String TABLE_NAME
    private static final java.lang.String SCHEME
    private static final java.lang.String PATH_COURSES
    private static final java.lang.String PATH_COURSE_ID
    public static final int COURSE_ID_PATH_POSITION
    public static final java.lang.String CONTENT_TYPE
    public static final java.lang.String CONTENT_ITEM_TYPE
    public static final java.lang.String DEFAULT_SORT_ORDER
    public static final java.lang.String COLUMN_NAME_TITLE_FI
    public static final java.lang.String COLUMN_NAME_TITLE_EN
    public static final java.lang.String COLUMN_NAME_PRICE
    public static final java.lang.String COLUMN_NAME_PROPERTIES
    public static final java.lang.String COLUMN_NAME_TIMESTAMP
    public static final java.lang.String COLUMN_NAME_REF_TITLE
    public static final java.lang.String LANGUAGE_CODE
    public static final java.lang.String REF_TITLE_SALO
    public static final java.lang.String REF_TITLE_ICT
    public static final java.lang.String REF_TITLE_LEMPPARI
    12:12:private LunchBuddy$Courses()
com.blogspot.fwfaill.lunchbuddy.LunchBuddyActivity:
    private static final java.lang.String TAG
    private static final int SALO
    private static final int ICT_TALO
    private static final int LEMPPARI
com.blogspot.fwfaill.lunchbuddy.LunchBuddyProvider:
    private static final java.lang.String TAG
    private static final java.lang.String DATABASE_NAME
    private static final int DATABASE_VERSION
    private static final int COURSES
    private static final int COURSE_ID
    205:205:com.blogspot.fwfaill.lunchbuddy.LunchBuddyProvider$DatabaseHelper getOpenHelperForTest()
com.blogspot.fwfaill.lunchbuddy.R
com.blogspot.fwfaill.lunchbuddy.R$array
com.blogspot.fwfaill.lunchbuddy.R$attr
com.blogspot.fwfaill.lunchbuddy.R$bool
com.blogspot.fwfaill.lunchbuddy.R$color
com.blogspot.fwfaill.lunchbuddy.R$dimen
com.blogspot.fwfaill.lunchbuddy.R$drawable
com.blogspot.fwfaill.lunchbuddy.R$id
com.blogspot.fwfaill.lunchbuddy.R$integer
com.blogspot.fwfaill.lunchbuddy.R$layout
com.blogspot.fwfaill.lunchbuddy.R$menu
com.blogspot.fwfaill.lunchbuddy.R$string
com.blogspot.fwfaill.lunchbuddy.R$style
com.blogspot.fwfaill.lunchbuddy.R$styleable
com.blogspot.fwfaill.lunchbuddy.UriRequestTask:
    25:26:public UriRequestTask(org.apache.http.client.methods.HttpUriRequest,org.apache.http.client.ResponseHandler,android.content.Context)
...
android.support.v4.content.ModernAsyncTask$1
android.support.v4.content.ModernAsyncTask$2
android.support.v4.content.ModernAsyncTask$3
android.support.v4.content.ModernAsyncTask$4
android.support.v4.content.ModernAsyncTask$AsyncTaskResult
android.support.v4.content.ModernAsyncTask$InternalHandler
android.support.v4.content.ModernAsyncTask$Status
android.support.v4.content.ModernAsyncTask$WorkerRunnable
android.support.v4.content.pm.ActivityInfoCompat
android.support.v4.database.DatabaseUtilsCompat
android.support.v4.net.ConnectivityManagerCompat
android.support.v4.net.ConnectivityManagerCompat$BaseConnectivityManagerCompatImpl
android.support.v4.net.ConnectivityManagerCompat$ConnectivityManagerCompatImpl
android.support.v4.net.ConnectivityManagerCompat$GingerbreadConnectivityManagerCompatImpl
android.support.v4.net.ConnectivityManagerCompat$HoneycombMR2ConnectivityManagerCompatImpl
android.support.v4.net.ConnectivityManagerCompat$JellyBeanConnectivityManagerCompatImpl
android.support.v4.net.ConnectivityManagerCompatGingerbread
android.support.v4.net.ConnectivityManagerCompatHoneycombMR2
android.support.v4.net.ConnectivityManagerCompatJellyBean
android.support.v4.net.TrafficStatsCompat
android.support.v4.net.TrafficStatsCompat$1
android.support.v4.net.TrafficStatsCompat$BaseTrafficStatsCompatImpl
android.support.v4.net.TrafficStatsCompat$BaseTrafficStatsCompatImpl$1
android.support.v4.net.TrafficStatsCompat$BaseTrafficStatsCompatImpl$SocketTags
android.support.v4.net.TrafficStatsCompat$IcsTrafficStatsCompatImpl
android.support.v4.net.TrafficStatsCompat$TrafficStatsCompatImpl
android.support.v4.net.TrafficStatsCompatIcs
android.support.v4.os.ParcelableCompat:
    26:42:public ParcelableCompat()
android.support.v4.os.ParcelableCompatCreatorHoneycombMR2Stub:
    22:22:ParcelableCompatCreatorHoneycombMR2Stub()
android.support.v4.util.DebugUtils:
    25:25:public DebugUtils()
android.support.v4.util.LongSparseArray
android.support.v4.util.LruCache
android.support.v4.util.SparseArrayCompat:
    107:111:public void removeAtRange(int,int)
    236:241:public void setValueAt(int,java.lang.Object)
    265:273:public int indexOfValue(java.lang.Object)
    296:323:public void append(int,java.lang.Object)
android.support.v4.util.TimeUtils
android.support.v4.view.AccessibilityDelegateCompat
android.support.v4.view.AccessibilityDelegateCompat$AccessibilityDelegateIcsImpl
android.support.v4.view.AccessibilityDelegateCompat$AccessibilityDelegateIcsImpl$1
android.support.v4.view.AccessibilityDelegateCompat$AccessibilityDelegateImpl
android.support.v4.view.AccessibilityDelegateCompat$AccessibilityDelegateJellyBeanImpl
android.support.v4.view.AccessibilityDelegateCompat$AccessibilityDelegateJellyBeanImpl$1
android.support.v4.view.AccessibilityDelegateCompat$AccessibilityDelegateStubImpl
android.support.v4.view.AccessibilityDelegateCompatIcs
android.support.v4.view.AccessibilityDelegateCompatIcs$1
android.support.v4.view.AccessibilityDelegateCompatIcs$AccessibilityDelegateBridge
android.support.v4.view.AccessibilityDelegateCompatJellyBean
android.support.v4.view.AccessibilityDelegateCompatJellyBean$1
android.support.v4.view.AccessibilityDelegateCompatJellyBean$AccessibilityDelegateBridgeJellyBean
android.support.v4.view.KeyEventCompat:
    25:95:public KeyEventCompat()
    127:127:public static int normalizeMetaState(int)
    131:131:public static boolean metaStateHasModifiers(int,int)
    135:135:public static boolean metaStateHasNoModifiers(int)
android.support.v4.view.KeyEventCompat$BaseKeyEventVersionImpl:
    private static final int META_MODIFIER_MASK
    private static final int META_ALL_MASK
android.support.v4.view.KeyEventCompat$HoneycombKeyEventVersionImpl:
    98:98:public int normalizeMetaState(int)
android.support.v4.view.KeyEventCompat$KeyEventVersionImpl:
    public abstract int normalizeMetaState(int)